[2020-03-04T00:33:48.902] [ERROR] error - fetch fail { Error: read ETIMEDOUT
    at TLSWrap.onStreamRead (internal/stream_base_commons.js:111:27)
  errno: 'ETIMEDOUT',
  code: 'ETIMEDOUT',
  syscall: 'read',
  config:
   { url: 'https://dali.lianjia.com/',
     method: 'get',
     headers:
      { Accept: 'application/json, text/plain, */*',
        'User-Agent': 'axios/0.19.2' },
     transformRequest: [ [Function: transformRequest] ],
     transformResponse: [ [Function: transformResponse] ],
     timeout: 0,
     adapter: [Function: httpAdapter],
     xsrfCookieName: 'XSRF-TOKEN',
     xsrfHeaderName: 'X-XSRF-TOKEN',
     maxContentLength: -1,
     validateStatus: [Function: validateStatus],
     data: undefined },
  request:
   Writable {
     _writableState:
      WritableState {
        objectMode: false,
        highWaterMark: 16384,
        finalCalled: false,
        needDrain: false,
        ending: false,
        ended: false,
        finished: false,
        destroyed: false,
        decodeStrings: true,
        defaultEncoding: 'utf8',
        length: 0,
        writing: false,
        corked: 0,
        sync: true,
        bufferProcessing: false,
        onwrite: [Function: bound onwrite],
        writecb: null,
        writelen: 0,
        bufferedRequest: null,
        lastBufferedRequest: null,
        pendingcb: 0,
        prefinished: false,
        errorEmitted: false,
        emitClose: true,
        autoDestroy: false,
        bufferedRequestCount: 0,
        corkedRequestsFree: [Object] },
     writable: true,
     _events:
      [Object: null prototype] {
        response: [Function: handleResponse],
        error: [Function: handleRequestError] },
     _eventsCount: 2,
     _maxListeners: undefined,
     _options:
      { protocol: 'https:',
        maxRedirects: 21,
        maxBodyLength: 10485760,
        path: '/',
        method: 'GET',
        headers: [Object],
        agent: undefined,
        agents: [Object],
        auth: undefined,
        hostname: 'dali.lianjia.com',
        port: null,
        nativeProtocols: [Object],
        pathname: '/' },
     _redirectCount: 0,
     _redirects: [],
     _requestBodyLength: 0,
     _requestBodyBuffers: [],
     _onNativeResponse: [Function],
     _currentRequest:
      ClientRequest {
        _events: [Object],
        _eventsCount: 6,
        _maxListeners: undefined,
        output: [],
        outputEncodings: [],
        outputCallbacks: [],
        outputSize: 0,
        writable: true,
        _last: true,
        chunkedEncoding: false,
        shouldKeepAlive: false,
        useChunkedEncodingByDefault: false,
        sendDate: false,
        _removedConnection: false,
        _removedContLen: false,
        _removedTE: false,
        _contentLength: 0,
        _hasBody: true,
        _trailer: '',
        finished: true,
        _headerSent: true,
        socket: [TLSSocket],
        connection: [TLSSocket],
        _header:
         'GET / HTTP/1.1\r\nAccept: application/json, text/plain, */*\r\nUser-Agent: axios/0.19.2\r\nHost: dali.lianjia.com\r\nConnection: close\r\n\r\n',
        _onPendingData: [Function: noopPendingOutput],
        agent: [Agent],
        socketPath: undefined,
        timeout: undefined,
        method: 'GET',
        insecureHTTPParser: undefined,
        path: '/',
        _ended: false,
        res: null,
        aborted: undefined,
        timeoutCb: null,
        upgradeOrConnect: false,
        parser: null,
        maxHeadersCount: null,
        _redirectable: [Circular],
        [Symbol(isCorked)]: false,
        [Symbol(outHeadersKey)]: [Object] },
     _currentUrl: 'https://dali.lianjia.com/' },
  response: undefined,
  isAxiosError: true,
  toJSON: [Function] } { url: 'https://dali.lianjia.com/', name: '大理', id: 'dali' }
